<?xml version="1.0" encoding="UTF-8"?>
<!-- Generated by org.testng.reporters.JUnitReportReporter -->
<testsuite hostname="DESKTOP-93RQOLS" failures="0" tests="1" name="testRepo.CreateProduct" time="19.203" errors="0" timestamp="2023-11-20T15:41:48 IST" skipped="0">
  <testcase classname="testRepo.CreateProduct" name="createProduct" time="19.203"/>
  <system-out/>
</testsuite> <!-- testRepo.CreateProduct -->
