<?xml version="1.0" encoding="UTF-8"?>
<!-- Generated by org.testng.reporters.JUnitReportReporter -->
<testsuite hostname="DESKTOP-93RQOLS" failures="0" tests="1" name="testRepo.CreateLead" time="12.906" errors="0" timestamp="2023-11-20T15:41:47 IST" skipped="0">
  <testcase classname="testRepo.CreateLead" name="createLead" time="12.906"/>
  <system-out/>
</testsuite> <!-- testRepo.CreateLead -->
