<?xml version="1.0" encoding="UTF-8"?>
<!-- Generated by org.testng.reporters.JUnitReportReporter -->
<testsuite hostname="DESKTOP-93RQOLS" failures="0" tests="1" name="testPractise.Tc_01" time="27.347" errors="0" timestamp="2023-11-09T12:21:13 IST" skipped="0">
  <testcase classname="testPractise.Tc_01" name="checklogin" time="27.347"/>
  <system-out/>
</testsuite> <!-- testPractise.Tc_01 -->
