<?xml version="1.0" encoding="UTF-8"?>
<!-- Generated by org.testng.reporters.JUnitReportReporter -->
<testsuite hostname="DESKTOP-93RQOLS" failures="0" tests="1" name="testPractise.Tc_04" time="10.357" errors="0" timestamp="2023-11-12T12:01:51 IST" skipped="0">
  <testcase classname="testPractise.Tc_04" name="leadmod" time="10.357"/>
  <system-out/>
</testsuite> <!-- testPractise.Tc_04 -->
