<?xml version="1.0" encoding="UTF-8"?>
<!-- Generated by org.testng.reporters.JUnitReportReporter -->
<testsuite hostname="DESKTOP-93RQOLS" failures="0" tests="1" name="testPractise.Tc_03" time="8.747" errors="0" timestamp="2023-11-12T12:01:51 IST" skipped="0">
  <testcase classname="testPractise.Tc_03" name="organisationMod" time="8.747"/>
  <system-out/>
</testsuite> <!-- testPractise.Tc_03 -->
