<?xml version="1.0" encoding="UTF-8"?>
<!-- Generated by org.testng.reporters.JUnitReportReporter -->
<testsuite hostname="DESKTOP-93RQOLS" failures="0" tests="1" name="testRepo.CreateContactBYOrganization" time="25.989" errors="0" timestamp="2023-11-20T15:41:48 IST" skipped="0">
  <testcase classname="testRepo.CreateContactBYOrganization" name="createContact" time="25.989"/>
  <system-out/>
</testsuite> <!-- testRepo.CreateContactBYOrganization -->
