<?xml version="1.0" encoding="UTF-8"?>
<!-- Generated by org.testng.reporters.JUnitReportReporter -->
<testsuite hostname="DESKTOP-93RQOLS" failures="0" tests="1" name="testRepo.Tc_01" time="103.906" errors="0" timestamp="2023-11-07T11:40:25 IST" skipped="0">
  <testcase classname="testRepo.Tc_01" name="checklogin" time="103.906"/>
  <system-out/>
</testsuite> <!-- testRepo.Tc_01 -->
