<?xml version="1.0" encoding="UTF-8"?>
<!-- Generated by org.testng.reporters.JUnitReportReporter -->
<testsuite hostname="DESKTOP-93RQOLS" failures="0" tests="1" name="testRepo.CreateContact" time="16.048" errors="0" timestamp="2023-11-20T15:41:48 IST" skipped="0">
  <testcase classname="testRepo.CreateContact" name="createContact" time="16.048"/>
  <system-out/>
</testsuite> <!-- testRepo.CreateContact -->
